[2024-12-04 10:10:47] 读取存储文件 - 完成 (耗时: 2ms)
[2024-12-04 10:10:47] 获取所有端点 - 完成 (耗时: 3ms)
[2024-12-04 10:11:12] 获取实体名称: 手机... - 完成 (耗时: 8.58s)
[2024-12-04 10:11:21] 优化提示词: 手机... - 完成 (耗时: 6.25s)
[2024-12-04 10:11:27] 生成 GET 端点 - 完成 (耗时: 15.56s)
[2024-12-04 10:11:27] 生成 PUT 端点 - 完成 (耗时: 18.41s)
[2024-12-04 10:11:27] 生成 POST 端点 - 完成 (耗时: 42.28s)
[2024-12-04 10:11:27] 生成 DELETE 端点 - 完成 (耗时: 44.94s)
[2024-12-04 10:11:27] 生成 GET 端点 - 完成 (耗时: 45.45s)
[2024-12-04 10:12:12] 读取存储文件 - 完成 (耗时: 1ms)
[2024-12-04 10:12:12] 读取存储文件 - 完成 (耗时: 1ms)
[2024-12-04 10:12:12] 读取存储文件 - 完成 (耗时: 2ms)
[2024-12-04 10:12:12] 读取存储文件 - 完成 (耗时: 3ms)
[2024-12-04 10:12:12] 读取存储文件 - 完成 (耗时: 3ms)
[2024-12-04 10:12:12] 写入存储文件 - 完成 (耗时: 11ms)
[2024-12-04 10:12:12] 写入存储文件 - 完成 (耗时: 8ms)
[2024-12-04 10:12:12] 写入存储文件 - 完成 (耗时: 7ms)
[2024-12-04 10:12:12] 写入存储文件 - 完成 (耗时: 6ms)
[2024-12-04 10:12:12] 写入存储文件 - 完成 (耗时: 4ms)
[2024-12-04 10:12:12] 保存端点: /api/phone - 完成 (耗时: 19ms)
[2024-12-04 10:12:12] 保存端点: /api/phone/{id} - 完成 (耗时: 18ms)
[2024-12-04 10:12:12] 保存端点: /api/phone - 完成 (耗时: 19ms)
[2024-12-04 10:12:12] 保存端点: /api/phone/{id} - 完成 (耗时: 20ms)
[2024-12-04 10:12:12] 保存端点: /api/phone/{id} - 完成 (耗时: 20ms)
[2024-12-04 10:12:12] 读取存储文件 - 完成 (耗时: 2ms)
[2024-12-04 10:12:12] 读取存储文件 - 完成 (耗时: 1ms)
[2024-12-04 10:12:12] 获取所有端点 - 完成 (耗时: 3ms)
[2024-12-04 10:12:12] 获取所有端点 - 完成 (耗时: 2ms)
[2024-12-04 10:27:28] 读取存储文件 - 完成 (耗时: 0ms)
[2024-12-04 10:27:28] 获取所有端点 - 完成 (耗时: 3ms)
[2024-12-04 10:27:40] 读取存储文件 - 完成 (耗时: 1ms)
[2024-12-04 10:27:40] 获取所有端点 - 完成 (耗时: 3ms)
[2024-12-04 10:27:40] 读取存储文件 - 完成 (耗时: 0ms)
[2024-12-04 10:27:40] 写入存储文件 - 完成 (耗时: 2ms)
[2024-12-04 10:27:40] 删除端点: /api/phone/{id} - 完成 (耗时: 5ms)
[2024-12-04 10:27:40] 读取存储文件 - 完成 (耗时: 0ms)
[2024-12-04 10:27:40] 获取所有端点 - 完成 (耗时: 1ms)
[2024-12-04 10:28:01] 获取实体名称: 小说... - 完成 (耗时: 16.18s)
[2024-12-04 10:28:17] 优化提示词: 小说... - 完成 (耗时: 2.18s)
[2024-12-04 10:28:19] 生成 POST 端点 - 完成 (耗时: 24.00s)
[2024-12-04 10:28:19] 生成 PUT 端点 - 完成 (耗时: 24.30s)
[2024-12-04 10:28:19] 生成 GET 端点 - 完成 (耗时: 24.70s)
[2024-12-04 10:28:19] 生成 GET 端点 - 完成 (耗时: 34.80s)
[2024-12-04 10:28:19] 生成 DELETE 端点 - 完成 (耗时: 38.30s)
[2024-12-04 10:28:57] 读取存储文件 - 完成 (耗时: 1ms)
[2024-12-04 10:28:57] 读取存储文件 - 完成 (耗时: 1ms)
[2024-12-04 10:28:57] 读取存储文件 - 完成 (耗时: 2ms)
[2024-12-04 10:28:57] 读取存储文件 - 完成 (耗时: 1ms)
[2024-12-04 10:28:57] 读取存储文件 - 完成 (耗时: 2ms)
[2024-12-04 10:28:57] 写入存储文件 - 完成 (耗时: 8ms)
[2024-12-04 10:28:57] 写入存储文件 - 完成 (耗时: 6ms)
[2024-12-04 10:28:57] 写入存储文件 - 完成 (耗时: 6ms)
[2024-12-04 10:28:57] 写入存储文件 - 完成 (耗时: 4ms)
[2024-12-04 10:28:57] 写入存储文件 - 完成 (耗时: 4ms)
[2024-12-04 10:28:57] 保存端点: /api/novel - 完成 (耗时: 13ms)
[2024-12-04 10:28:57] 保存端点: /api/novel/{id} - 完成 (耗时: 13ms)
[2024-12-04 10:28:57] 保存端点: /api/novel - 完成 (耗时: 14ms)
[2024-12-04 10:28:57] 保存端点: /api/novel/{id} - 完成 (耗时: 14ms)
[2024-12-04 10:28:57] 保存端点: /api/novel/{id} - 完成 (耗时: 14ms)
[2024-12-04 10:28:57] 保存端点: /api/novel - 完成 (耗时: 16ms)
[2024-12-04 10:28:57] 保存端点: /api/novel/{id} - 完成 (耗时: 16ms)
[2024-12-04 10:28:57] 保存端点: /api/novel - 完成 (耗时: 17ms)
[2024-12-04 10:28:57] 保存端点: /api/novel/{id} - 完成 (耗时: 17ms)
[2024-12-04 10:28:57] 保存端点: /api/novel/{id} - 完成 (耗时: 17ms)
[2024-12-04 10:28:57] 读取存储文件 - 完成 (耗时: 0ms)
[2024-12-04 10:28:57] 获取所有端点 - 完成 (耗时: 2ms)
[2024-12-04 10:28:57] 读取存储文件 - 完成 (耗时: 0ms)
[2024-12-04 10:28:57] 获取所有端点 - 完成 (耗时: 1ms)
[2024-12-04 10:33:44] 读取存储文件 - 完成 (耗时: 1ms)
[2024-12-04 10:33:44] 获取所有端点 - 完成 (耗时: 3ms)
[2024-12-04 10:33:48] 读取存储文件 - 完成 (耗时: 0ms)
[2024-12-04 10:33:48] 获取所有端点 - 完成 (耗时: 2ms)
[2024-12-04 10:33:48] 读取存储文件 - 完成 (耗时: 0ms)
[2024-12-04 10:33:48] 写入存储文件 - 完成 (耗时: 2ms)
[2024-12-04 10:33:48] 删除端点: /api/novel/{id} - 完成 (耗时: 5ms)
[2024-12-04 10:33:48] 读取存储文件 - 完成 (耗时: 0ms)
[2024-12-04 10:33:48] 获取所有端点 - 完成 (耗时: 2ms)
[2024-12-04 10:33:53] 获取实体名称: 专辑... - 完成 (耗时: 3.89s)
[2024-12-04 10:33:57] 优化提示词: 专辑... - 完成 (耗时: 4.44s)
[2024-12-04 10:34:01] 生成 GET 端点 - 完成 (耗时: 8.33s)
[2024-12-04 10:34:01] 生成 POST 端点 - 完成 (耗时: 8.53s)
[2024-12-04 10:34:01] 生成 PUT 端点 - 完成 (耗时: 11.27s)
[2024-12-04 10:34:01] 生成 DELETE 端点 - 完成 (耗时: 13.63s)
[2024-12-04 10:34:01] 生成 GET 端点 - 完成 (耗时: 23.52s)
[2024-12-04 10:34:25] 读取存储文件 - 完成 (耗时: 0ms)
[2024-12-04 10:34:25] 写入存储文件 - 完成 (耗时: 2ms)
[2024-12-04 10:34:25] 保存端点: /api/album - 完成 (耗时: 4ms)
[2024-12-04 10:34:25] 读取存储文件 - 完成 (耗时: 0ms)
[2024-12-04 10:34:25] 写入存储文件 - 完成 (耗时: 2ms)
[2024-12-04 10:34:25] 保存端点: /api/album/{id} - 完成 (耗时: 4ms)
[2024-12-04 10:34:25] 读取存储文件 - 完成 (耗时: 0ms)
[2024-12-04 10:34:25] 写入存储文件 - 完成 (耗时: 2ms)
[2024-12-04 10:34:25] 保存端点: /api/album - 完成 (耗时: 4ms)
[2024-12-04 10:34:25] 读取存储文件 - 完成 (耗时: 0ms)
[2024-12-04 10:34:25] 写入存储文件 - 完成 (耗时: 2ms)
[2024-12-04 10:34:25] 保存端点: /api/album/{id} - 完成 (耗时: 3ms)
[2024-12-04 10:34:25] 读取存储文件 - 完成 (耗时: 0ms)
[2024-12-04 10:34:25] 写入存储文件 - 完成 (耗时: 2ms)
[2024-12-04 10:34:25] 保存端点: /api/album/{id} - 完成 (耗时: 3ms)
[2024-12-04 10:34:25] 保存所有端点 - 完成 (耗时: 22ms)
[2024-12-04 10:34:25] 读取存储文件 - 完成 (耗时: 1ms)
[2024-12-04 10:34:25] 获取所有端点 - 完成 (耗时: 2ms)
[2024-12-04 10:34:25] 读取存储文件 - 完成 (耗时: 2ms)
[2024-12-04 10:34:25] 获取所有端点 - 完成 (耗时: 3ms)
[2024-12-04 10:34:35] 读取存储文件 - 完成 (耗时: 1ms)
[2024-12-04 10:34:35] 获取所有端点 - 完成 (耗时: 3ms)
[2024-12-04 10:34:40] 读取存储文件 - 完成 (耗时: 0ms)
[2024-12-04 10:34:40] 获取所有端点 - 完成 (耗时: 2ms)
[2024-12-04 10:34:43] 读取存储文件 - 完成 (耗时: 1ms)
[2024-12-04 10:34:43] 获取所有端点 - 完成 (耗时: 2ms)
[2024-12-04 10:34:48] 读取存储文件 - 完成 (耗时: 1ms)
[2024-12-04 10:34:48] 获取所有端点 - 完成 (耗时: 2ms)
[2024-12-04 10:34:52] 读取存储文件 - 完成 (耗时: 1ms)
[2024-12-04 10:34:52] 获取所有端点 - 完成 (耗时: 2ms)
